<?xml version="1.0" encoding="UTF-8"?>
<testng-results ignored="0" total="4" passed="4" failed="0" skipped="0">
  <reporter-output>
  </reporter-output>
  <suite started-at="2022-12-09T17:13:16 IST" name="Parallel Test Suite" finished-at="2022-12-09T17:13:36 IST" duration-ms="20253">
    <groups>
    </groups>
    <test started-at="2022-12-09T17:13:16 IST" name="Chrome Test" finished-at="2022-12-09T17:13:30 IST" duration-ms="13512">
      <class name="tests.SampleTest">
        <test-method is-config="true" signature="setUp(java.lang.String)[pri:0, instance:tests.SampleTest@67080771]" started-at="2022-12-09T17:13:16 IST" name="setUp" finished-at="2022-12-09T17:13:23 IST" duration-ms="6393" status="PASS">
          <params>
            <param index="0">
              <value>
                <![CDATA[chrome]]>
              </value>
            </param>
          </params>
          <reporter-output>
          </reporter-output>
        </test-method> <!-- setUp -->
        <test-method signature="loginTest()[pri:0, instance:tests.SampleTest@67080771]" started-at="2022-12-09T17:13:23 IST" name="loginTest" finished-at="2022-12-09T17:13:26 IST" duration-ms="3713" status="PASS">
          <reporter-output>
          </reporter-output>
        </test-method> <!-- loginTest -->
        <test-method signature="addProductTillCheckOutTest()[pri:1, instance:tests.SampleTest@67080771]" started-at="2022-12-09T17:13:26 IST" name="addProductTillCheckOutTest" finished-at="2022-12-09T17:13:28 IST" duration-ms="1638" status="PASS">
          <reporter-output>
          </reporter-output>
        </test-method> <!-- addProductTillCheckOutTest -->
        <test-method is-config="true" signature="tearDown()[pri:0, instance:tests.SampleTest@67080771]" started-at="2022-12-09T17:13:28 IST" name="tearDown" finished-at="2022-12-09T17:13:30 IST" duration-ms="1687" status="PASS">
          <reporter-output>
          </reporter-output>
        </test-method> <!-- tearDown -->
      </class> <!-- tests.SampleTest -->
    </test> <!-- Chrome Test -->
    <test started-at="2022-12-09T17:13:16 IST" name="Firefox Test" finished-at="2022-12-09T17:13:36 IST" duration-ms="20253">
      <class name="tests.SampleTest">
        <test-method is-config="true" signature="setUp(java.lang.String)[pri:0, instance:tests.SampleTest@6a84a97d]" started-at="2022-12-09T17:13:16 IST" name="setUp" finished-at="2022-12-09T17:13:29 IST" duration-ms="12643" status="PASS">
          <params>
            <param index="0">
              <value>
                <![CDATA[firefox]]>
              </value>
            </param>
          </params>
          <reporter-output>
          </reporter-output>
        </test-method> <!-- setUp -->
        <test-method signature="loginTest()[pri:0, instance:tests.SampleTest@6a84a97d]" started-at="2022-12-09T17:13:29 IST" name="loginTest" finished-at="2022-12-09T17:13:33 IST" duration-ms="4332" status="PASS">
          <reporter-output>
          </reporter-output>
        </test-method> <!-- loginTest -->
        <test-method signature="addProductTillCheckOutTest()[pri:1, instance:tests.SampleTest@6a84a97d]" started-at="2022-12-09T17:13:33 IST" name="addProductTillCheckOutTest" finished-at="2022-12-09T17:13:35 IST" duration-ms="1692" status="PASS">
          <reporter-output>
          </reporter-output>
        </test-method> <!-- addProductTillCheckOutTest -->
        <test-method is-config="true" signature="tearDown()[pri:0, instance:tests.SampleTest@6a84a97d]" started-at="2022-12-09T17:13:35 IST" name="tearDown" finished-at="2022-12-09T17:13:36 IST" duration-ms="1560" status="PASS">
          <reporter-output>
          </reporter-output>
        </test-method> <!-- tearDown -->
      </class> <!-- tests.SampleTest -->
    </test> <!-- Firefox Test -->
  </suite> <!-- Parallel Test Suite -->
</testng-results>
