<?xml version="1.0" encoding="UTF-8"?>
<!-- Generated by org.testng.reporters.JUnitXMLReporter -->
<testsuite ignored="0" hostname="DESKTOP-N60QB27" failures="0" tests="3" name="Firefox Test" time="50.981" errors="0" timestamp="2022-12-09T15:48:55 IST">
  <testcase classname="tests.TestBrowser" name="browser" time="26.179"/>
  <testcase classname="tests.TestBrowser" name="browser" time="30.316"/>
  <testcase classname="tests.TestBrowser" name="browser" time="50.905"/>
</testsuite> <!-- Firefox Test -->
